0 info it worked if it ends with ok
1 verbose cli [ '/home/ec2-user/.nvm/versions/node/v6.9.2/bin/node',
1 verbose cli   '/home/ec2-user/.nvm/versions/node/v6.9.2/bin/npm',
1 verbose cli   'start' ]
2 info using npm@3.10.9
3 info using node@v6.9.2
4 verbose run-script [ 'prestart', 'start', 'poststart' ]
5 info lifecycle digital-photo-book@0.1.1~prestart: digital-photo-book@0.1.1
6 silly lifecycle digital-photo-book@0.1.1~prestart: no script for prestart, continuing
7 info lifecycle digital-photo-book@0.1.1~start: digital-photo-book@0.1.1
8 verbose lifecycle digital-photo-book@0.1.1~start: unsafe-perm in lifecycle true
9 verbose lifecycle digital-photo-book@0.1.1~start: PATH: /home/ec2-user/.nvm/versions/node/v6.9.2/lib/node_modules/npm/bin/node-gyp-bin:/home/ec2-user/website/node_modules/.bin:/home/ec2-user/.nvm/versions/node/v6.9.2/bin:/usr/local/bin:/bin:/usr/bin:/usr/local/sbin:/usr/sbin:/sbin:/opt/aws/bin:/home/ec2-user/.local/bin:/home/ec2-user/bin:/opt/aws/bin
10 verbose lifecycle digital-photo-book@0.1.1~start: CWD: /home/ec2-user/website
11 silly lifecycle digital-photo-book@0.1.1~start: Args: [ '-c', 'node app.js' ]
12 silly lifecycle digital-photo-book@0.1.1~start: Returned: code: 1  signal: null
13 info lifecycle digital-photo-book@0.1.1~start: Failed to exec start script
14 verbose stack Error: digital-photo-book@0.1.1 start: `node app.js`
14 verbose stack Exit status 1
14 verbose stack     at EventEmitter.<anonymous> (/home/ec2-user/.nvm/versions/node/v6.9.2/lib/node_modules/npm/lib/utils/lifecycle.js:255:16)
14 verbose stack     at emitTwo (events.js:106:13)
14 verbose stack     at EventEmitter.emit (events.js:191:7)
14 verbose stack     at ChildProcess.<anonymous> (/home/ec2-user/.nvm/versions/node/v6.9.2/lib/node_modules/npm/lib/utils/spawn.js:40:14)
14 verbose stack     at emitTwo (events.js:106:13)
14 verbose stack     at ChildProcess.emit (events.js:191:7)
14 verbose stack     at maybeClose (internal/child_process.js:877:16)
14 verbose stack     at Process.ChildProcess._handle.onexit (internal/child_process.js:226:5)
15 verbose pkgid digital-photo-book@0.1.1
16 verbose cwd /home/ec2-user/website
17 error Linux 4.4.35-33.55.amzn1.x86_64
18 error argv "/home/ec2-user/.nvm/versions/node/v6.9.2/bin/node" "/home/ec2-user/.nvm/versions/node/v6.9.2/bin/npm" "start"
19 error node v6.9.2
20 error npm  v3.10.9
21 error code ELIFECYCLE
22 error digital-photo-book@0.1.1 start: `node app.js`
22 error Exit status 1
23 error Failed at the digital-photo-book@0.1.1 start script 'node app.js'.
23 error Make sure you have the latest version of node.js and npm installed.
23 error If you do, this is most likely a problem with the digital-photo-book package,
23 error not with npm itself.
23 error Tell the author that this fails on your system:
23 error     node app.js
23 error You can get information on how to open an issue for this project with:
23 error     npm bugs digital-photo-book
23 error Or if that isn't available, you can get their info via:
23 error     npm owner ls digital-photo-book
23 error There is likely additional logging output above.
24 verbose exit [ 1, true ]
